before Grid init
before Grid init
before Grid init
before Grid init
before Grid init
before Grid init
before Grid init
before Grid init
before Grid init
before Grid init
before Grid init
before Grid init
before Grid init
before Grid init
before Grid init
before Grid init
before Grid init
before Grid init
before Grid init
before Grid init
before Grid init
before Grid init
before Grid init
before Grid init
before Grid init
before Grid init
before Grid init
before Grid init
before Grid init
before Grid init
before Grid init
before Grid init
before Grid init
before Grid init
before Grid init
before Grid init
before Grid init
before Grid init
before Grid init
before Grid init
before Grid init
before Grid init
before Grid init
before Grid init
before Grid init
before Grid init
before Grid init
before Grid init
before Grid init
before Grid init
before Grid init
before Grid init
before Grid init
before Grid init
before Grid init
before Grid init
before Grid init
before Grid init
before Grid init
before Grid init
before Grid init
before Grid init
before Grid init
before Grid init
before Grid init
before Grid init
before Grid init
before Grid init
before Grid init
before Grid init
before Grid init
before Grid init
before Grid init
before Grid init
before Grid init
before Grid init
before Grid init
before Grid init
before Grid init
before Grid init
before Grid init
before Grid init
before Grid init
before Grid init
before Grid init
before Grid init
before Grid init
before Grid init
before Grid init
before Grid init
before Grid init
before Grid init
before Grid init
before Grid init
before Grid init
before Grid init
before Grid init
before Grid init
before Grid init
before Grid init
before Grid init
before Grid init
before Grid init
before Grid init
before Grid init
SharedMemoryAllocate 1073741824 SHMOPEN implementation 
before Grid init
SharedMemoryAllocate 1073741824 SHMOPEN implementation 
SharedMemoryAllocate 1073741824 SHMOPEN implementation 
before Grid init
before Grid init
before Grid init
before Grid init
SharedMemoryAllocate 1073741824 SHMOPEN implementation 
SharedMemoryAllocate 1073741824 SHMOPEN implementation 
SharedMemoryAllocate 1073741824 SHMOPEN implementation 
SharedMemoryAllocate 1073741824 SHMOPEN implementation 
before Grid init
before Grid init
before Grid init
before Grid init
SharedMemoryAllocate 1073741824 SHMOPEN implementation 
SharedMemoryAllocate 1073741824 SHMOPEN implementation 
before Grid init
SharedMemoryAllocate 1073741824 SHMOPEN implementation 
before Grid init
before Grid init
before Grid init
before Grid init
before Grid init
before Grid init
before Grid init
before Grid init
before Grid init
before Grid init
before Grid init
before Grid init
SharedMemoryAllocate 1073741824 SHMOPEN implementation 
SharedMemoryAllocate 1073741824 SHMOPEN implementation 
SharedMemoryAllocate 1073741824 SHMOPEN implementation 
SharedMemoryAllocate 1073741824 SHMOPEN implementation 
SharedMemoryAllocate 1073741824 SHMOPEN implementation 
SharedMemoryAllocate 1073741824 SHMOPEN implementation 
SharedMemoryAllocate 1073741824 SHMOPEN implementation 
SharedMemoryAllocate 1073741824 SHMOPEN implementation 
SharedMemoryAllocate 1073741824 SHMOPEN implementation 
SharedMemoryAllocate 1073741824 SHMOPEN implementation 
SharedMemoryAllocate 1073741824 SHMOPEN implementation 
SharedMemoryAllocate 1073741824 SHMOPEN implementation 
SharedMemoryAllocate 1073741824 SHMOPEN implementation 
SharedMemoryAllocate 1073741824 SHMOPEN implementation 
SharedMemoryAllocate 1073741824 SHMOPEN implementation 
SharedMemoryAllocate 1073741824 SHMOPEN implementation 
SharedMemoryAllocate 1073741824 SHMOPEN implementation 
SharedMemoryAllocate 1073741824 SHMOPEN implementation 
SharedMemoryAllocate 1073741824 SHMOPEN implementation 
SharedMemoryAllocate 1073741824 SHMOPEN implementation 
SharedMemoryAllocate 1073741824 SHMOPEN implementation 
SharedMemoryAllocate 1073741824 SHMOPEN implementation 
SharedMemoryAllocate 1073741824 SHMOPEN implementation 
SharedMemoryAllocate 1073741824 SHMOPEN implementation 
SharedMemoryAllocate 1073741824 SHMOPEN implementation 
SharedMemoryAllocate 1073741824 SHMOPEN implementation 
before Grid init
SharedMemoryAllocate 1073741824 SHMOPEN implementation 
SharedMemoryAllocate 1073741824 SHMOPEN implementation 
SharedMemoryAllocate 1073741824 SHMOPEN implementation 
SharedMemoryAllocate 1073741824 SHMOPEN implementation 
SharedMemoryAllocate 1073741824 SHMOPEN implementation 
SharedMemoryAllocate 1073741824 SHMOPEN implementation 
SharedMemoryAllocate 1073741824 SHMOPEN implementation 
SharedMemoryAllocate 1073741824 SHMOPEN implementation 
SharedMemoryAllocate 1073741824 SHMOPEN implementation 
SharedMemoryAllocate 1073741824 SHMOPEN implementation 
SharedMemoryAllocate 1073741824 SHMOPEN implementation 
SharedMemoryAllocate 1073741824 SHMOPEN implementation 
SharedMemoryAllocate 1073741824 SHMOPEN implementation 
SharedMemoryAllocate 1073741824 SHMOPEN implementation 
SharedMemoryAllocate 1073741824 SHMOPEN implementation 
SharedMemoryAllocate 1073741824 SHMOPEN implementation 
SharedMemoryAllocate 1073741824 SHMOPEN implementation 
SharedMemoryAllocate 1073741824 SHMOPEN implementation 
SharedMemoryAllocate 1073741824 SHMOPEN implementation 
SharedMemoryAllocate 1073741824 SHMOPEN implementation 
SharedMemoryAllocate 1073741824 SHMOPEN implementation 
SharedMemoryAllocate 1073741824 SHMOPEN implementation 
SharedMemoryAllocate 1073741824 SHMOPEN implementation 
SharedMemoryAllocate 1073741824 SHMOPEN implementation 
SharedMemoryAllocate 1073741824 SHMOPEN implementation 
SharedMemoryAllocate 1073741824 SHMOPEN implementation 
SharedMemoryAllocate 1073741824 SHMOPEN implementation 
SharedMemoryAllocate 1073741824 SHMOPEN implementation 
SharedMemoryAllocate 1073741824 SHMOPEN implementation 
SharedMemoryAllocate 1073741824 SHMOPEN implementation 
SharedMemoryAllocate 1073741824 SHMOPEN implementation 
SharedMemoryAllocate 1073741824 SHMOPEN implementation 
SharedMemoryAllocate 1073741824 SHMOPEN implementation 
SharedMemoryAllocate 1073741824 SHMOPEN implementation 
SharedMemoryAllocate 1073741824 SHMOPEN implementation 
SharedMemoryAllocate 1073741824 SHMOPEN implementation 
SharedMemoryAllocate 1073741824 SHMOPEN implementation 
SharedMemoryAllocate 1073741824 SHMOPEN implementation 
SharedMemoryAllocate 1073741824 SHMOPEN implementation 
SharedMemoryAllocate 1073741824 SHMOPEN implementation 
SharedMemoryAllocate 1073741824 SHMOPEN implementation 
SharedMemoryAllocate 1073741824 SHMOPEN implementation 
SharedMemoryAllocate 1073741824 SHMOPEN implementation 
SharedMemoryAllocate 1073741824 SHMOPEN implementation 
SharedMemoryAllocate 1073741824 SHMOPEN implementation 
SharedMemoryAllocate 1073741824 SHMOPEN implementation 
SharedMemoryAllocate 1073741824 SHMOPEN implementation 
SharedMemoryAllocate 1073741824 SHMOPEN implementation 
SharedMemoryAllocate 1073741824 SHMOPEN implementation 
SharedMemoryAllocate 1073741824 SHMOPEN implementation 
SharedMemoryAllocate 1073741824 SHMOPEN implementation 
SharedMemoryAllocate 1073741824 SHMOPEN implementation 
SharedMemoryAllocate 1073741824 SHMOPEN implementation 
SharedMemoryAllocate 1073741824 SHMOPEN implementation 
SharedMemoryAllocate 1073741824 SHMOPEN implementation 
SharedMemoryAllocate 1073741824 SHMOPEN implementation 
SharedMemoryAllocate 1073741824 SHMOPEN implementation 
SharedMemoryAllocate 1073741824 SHMOPEN implementation 
SharedMemoryAllocate 1073741824 SHMOPEN implementation 
SharedMemoryAllocate 1073741824 SHMOPEN implementation 
SharedMemoryAllocate 1073741824 SHMOPEN implementation 
SharedMemoryAllocate 1073741824 SHMOPEN implementation 
SharedMemoryAllocate 1073741824 SHMOPEN implementation 
SharedMemoryAllocate 1073741824 SHMOPEN implementation 
SharedMemoryAllocate 1073741824 SHMOPEN implementation 
SharedMemoryAllocate 1073741824 SHMOPEN implementation 
SharedMemoryAllocate 1073741824 SHMOPEN implementation 
SharedMemoryAllocate 1073741824 SHMOPEN implementation 
SharedMemoryAllocate 1073741824 SHMOPEN implementation 
SharedMemoryAllocate 1073741824 SHMOPEN implementation 
SharedMemoryAllocate 1073741824 SHMOPEN implementation 
SharedMemoryAllocate 1073741824 SHMOPEN implementation 
SharedMemoryAllocate 1073741824 SHMOPEN implementation 
SharedMemoryAllocate 1073741824 SHMOPEN implementation 
SharedMemoryAllocate 1073741824 SHMOPEN implementation 
SharedMemoryAllocate 1073741824 SHMOPEN implementation 
SharedMemoryAllocate 1073741824 SHMOPEN implementation 
SharedMemoryAllocate 1073741824 SHMOPEN implementation 
SharedMemoryAllocate 1073741824 SHMOPEN implementation 
SharedMemoryAllocate 1073741824 SHMOPEN implementation 
SharedMemoryAllocate 1073741824 SHMOPEN implementation 
SharedMemoryAllocate 1073741824 SHMOPEN implementation 
SharedMemoryAllocate 1073741824 SHMOPEN implementation 
SharedMemoryAllocate 1073741824 SHMOPEN implementation 
SharedMemoryAllocate 1073741824 SHMOPEN implementation 
SharedMemoryAllocate 1073741824 SHMOPEN implementation 
SharedMemoryAllocate 1073741824 SHMOPEN implementation 
SharedMemoryAllocate 1073741824 SHMOPEN implementation 
SharedMemoryAllocate 1073741824 SHMOPEN implementation 
SharedMemoryAllocate 1073741824 SHMOPEN implementation 
SharedMemoryAllocate 1073741824 SHMOPEN implementation 
SharedMemoryAllocate 1073741824 SHMOPEN implementation 

__|__|__|__|__|__|__|__|__|__|__|__|__|__|__
__|__|__|__|__|__|__|__|__|__|__|__|__|__|__
__|_ |  |  |  |  |  |  |  |  |  |  |  | _|__
__|_                                    _|__
__|_   GGGG    RRRR    III    DDDD      _|__
__|_  G        R   R    I     D   D     _|__
__|_  G        R   R    I     D    D    _|__
__|_  G  GG    RRRR     I     D    D    _|__
__|_  G   G    R  R     I     D   D     _|__
__|_   GGGG    R   R   III    DDDD      _|__
__|_                                    _|__
__|__|__|__|__|__|__|__|__|__|__|__|__|__|__
__|__|__|__|__|__|__|__|__|__|__|__|__|__|__
  |  |  |  |  |  |  |  |  |  |  |  |  |  |  


Copyright (C) 2015 Peter Boyle, Azusa Yamaguchi, Guido Cossu, Antonin Portelli and other authors

This program is free software; you can redistribute it and/or modify
it under the terms of the GNU General Public License as published by
the Free Software Foundation; either version 2 of the License, or
(at your option) any later version.

This program is distributed in the hope that it will be useful,
but WITHOUT ANY WARRANTY; without even the implied warranty of
MERCHANTABILITY or FITNESS FOR A PARTICULAR PURPOSE.  See the
GNU General Public License for more details.
Current Grid git commit hash is undefined. Check makefile.

Grid : Message : 1.212316 s : Requesting 1073741824 byte stencil comms buffers 
after Grid init
Grid : Message : 1.212382 s : Grid Layout
Grid : Message : 1.212399 s : 	Global lattice size  : 16 16 16 16 
Grid : Message : 1.212432 s : 	OpenMP threads       : 64
Grid : Message : 1.212455 s : 	MPI tasks            : 2 4 4 4 
zyd Warning: there is a discrepancy in evolution time between cps and old version Grid.
In terms of cps, your trajectory length is 1
In terms of old version Grid, your trajectory length is 1.41421
Test_gauge_force: /gpfs/mira-home/yidizhao/install/Grid/include/Grid/parallelIO/NerscIO.h:74: static int Grid::QCD::NerscIO::readHeader(std::__cxx11::basic_string<char, std::char_traits<char>, std::allocator<char>>, Grid::GridBase *, Grid::FieldMetaData &): Assertion `line==std::string("BEGIN_HEADER")' failed.
Grid : Message : 1.274530 s : * 
Test_gauge_force: /gpfs/mira-home/yidizhao/install/Grid/include/Grid/parallelIO/NerscIO.h:74: static int Grid::QCD::NerscIO::readHeader(std::__cxx11::basic_string<char, std::char_traits<char>, std::allocator<char>>, Grid::GridBase *, Grid::FieldMetaData &): Assertion `line==std::string("BEGIN_HEADER")' failed.
Test_gauge_force: /gpfs/mira-home/yidizhao/install/Grid/include/Grid/parallelIO/NerscIO.h:74: static int Grid::QCD::NerscIO::readHeader(std::__cxx11::basic_string<char, std::char_traits<char>, std::allocator<char>>, Grid::GridBase *, Grid::FieldMetaData &): Assertion `line==std::string("BEGIN_HEADER")' failed.
Test_gauge_force: /gpfs/mira-home/yidizhao/install/Grid/include/Grid/parallelIO/NerscIO.h:74: static int Grid::QCD::NerscIO::readHeader(std::__cxx11::basic_string<char, std::char_traits<char>, std::allocator<char>>, Grid::GridBase *, Grid::FieldMetaData &): Assertion `line==std::string("BEGIN_HEADER")' failed.
Test_gauge_force: /gpfs/mira-home/yidizhao/install/Grid/include/Grid/parallelIO/NerscIO.h:74: static int Grid::QCD::NerscIO::readHeader(std::__cxx11::basic_string<char, std::char_traits<char>, std::allocator<char>>, Grid::GridBase *, Grid::FieldMetaData &): Assertion `line==std::string("BEGIN_HEADER")' failed.
Test_gauge_force: /gpfs/mira-home/yidizhao/install/Grid/include/Grid/parallelIO/NerscIO.h:74: static int Grid::QCD::NerscIO::readHeader(std::__cxx11::basic_string<char, std::char_traits<char>, std::allocator<char>>, Grid::GridBase *, Grid::FieldMetaData &): Assertion `line==std::string("BEGIN_HEADER")' failed.
Test_gauge_force: /gpfs/mira-home/yidizhao/install/Grid/include/Grid/parallelIO/NerscIO.h:74: static int Grid::QCD::NerscIO::readHeader(std::__cxx11::basic_string<char, std::char_traits<char>, std::allocator<char>>, Grid::GridBase *, Grid::FieldMetaData &): Assertion `line==std::string("BEGIN_HEADER")' failed.
Test_gauge_force: /gpfs/mira-home/yidizhao/install/Grid/include/Grid/parallelIO/NerscIO.h:74: static int Grid::QCD::NerscIO::readHeader(std::__cxx11::basic_string<char, std::char_traits<char>, std::allocator<char>>, Grid::GridBase *, Grid::FieldMetaData &): Assertion `line==std::string("BEGIN_HEADER")' failed.
Test_gauge_force: /gpfs/mira-home/yidizhao/install/Grid/include/Grid/parallelIO/NerscIO.h:74: static int Grid::QCD::NerscIO::readHeader(std::__cxx11::basic_string<char, std::char_traits<char>, std::allocator<char>>, Grid::GridBase *, Grid::FieldMetaData &): Assertion `line==std::string("BEGIN_HEADER")' failed.
Test_gauge_force: /gpfs/mira-home/yidizhao/install/Grid/include/Grid/parallelIO/NerscIO.h:74: static int Grid::QCD::NerscIO::readHeader(std::__cxx11::basic_string<char, std::char_traits<char>, std::allocator<char>>, Grid::GridBase *, Grid::FieldMetaData &): Assertion `line==std::string("BEGIN_HEADER")' failed.
Test_gauge_force: /gpfs/mira-home/yidizhao/install/Grid/include/Grid/parallelIO/NerscIO.h:74: static int Grid::QCD::NerscIO::readHeader(std::__cxx11::basic_string<char, std::char_traits<char>, std::allocator<char>>, Grid::GridBase *, Grid::FieldMetaData &): Assertion `line==std::string("BEGIN_HEADER")' failed.
Test_gauge_force: /gpfs/mira-home/yidizhao/install/Grid/include/Grid/parallelIO/NerscIO.h:74: static int Grid::QCD::NerscIO::readHeader(std::__cxx11::basic_string<char, std::char_traits<char>, std::allocator<char>>, Grid::GridBase *, Grid::FieldMetaData &): Assertion `line==std::string("BEGIN_HEADER")' failed.
Test_gauge_force: /gpfs/mira-home/yidizhao/install/Grid/include/Grid/parallelIO/NerscIO.h:74: static int Grid::QCD::NerscIO::readHeader(std::__cxx11::basic_string<char, std::char_traits<char>, std::allocator<char>>, Grid::GridBase *, Grid::FieldMetaData &): Assertion `line==std::string("BEGIN_HEADER")' failed.
Test_gauge_force: /gpfs/mira-home/yidizhao/install/Grid/include/Grid/parallelIO/NerscIO.h:74: static int Grid::QCD::NerscIO::readHeader(std::__cxx11::basic_string<char, std::char_traits<char>, std::allocator<char>>, Grid::GridBase *, Grid::FieldMetaData &): Assertion `line==std::string("BEGIN_HEADER")' failed.
Test_gauge_force: /gpfs/mira-home/yidizhao/install/Grid/include/Grid/parallelIO/NerscIO.h:74: static int Grid::QCD::NerscIO::readHeader(std::__cxx11::basic_string<char, std::char_traits<char>, std::allocator<char>>, Grid::GridBase *, Grid::FieldMetaData &): Assertion `line==std::string("BEGIN_HEADER")' failed.
Test_gauge_force: /gpfs/mira-home/yidizhao/install/Grid/include/Grid/parallelIO/NerscIO.h:74: static int Grid::QCD::NerscIO::readHeader(std::__cxx11::basic_string<char, std::char_traits<char>, std::allocator<char>>, Grid::GridBase *, Grid::FieldMetaData &): Assertion `line==std::string("BEGIN_HEADER")' failed.
Test_gauge_force: /gpfs/mira-home/yidizhao/install/Grid/include/Grid/parallelIO/NerscIO.h:74: static int Grid::QCD::NerscIO::readHeader(std::__cxx11::basic_string<char, std::char_traits<char>, std::allocator<char>>, Grid::GridBase *, Grid::FieldMetaData &): Assertion `line==std::string("BEGIN_HEADER")' failed.
Test_gauge_force: /gpfs/mira-home/yidizhao/install/Grid/include/Grid/parallelIO/NerscIO.h:74: static int Grid::QCD::NerscIO::readHeader(std::__cxx11::basic_string<char, std::char_traits<char>, std::allocator<char>>, Grid::GridBase *, Grid::FieldMetaData &): Assertion `line==std::string("BEGIN_HEADER")' failed.
Test_gauge_force: /gpfs/mira-home/yidizhao/install/Grid/include/Grid/parallelIO/NerscIO.h:74: static int Grid::QCD::NerscIO::readHeader(std::__cxx11::basic_string<char, std::char_traits<char>, std::allocator<char>>, Grid::GridBase *, Grid::FieldMetaData &): Assertion `line==std::string("BEGIN_HEADER")' failed.
Test_gauge_force: /gpfs/mira-home/yidizhao/install/Grid/include/Grid/parallelIO/NerscIO.h:74: static int Grid::QCD::NerscIO::readHeader(std::__cxx11::basic_string<char, std::char_traits<char>, std::allocator<char>>, Grid::GridBase *, Grid::FieldMetaData &): Assertion `line==std::string("BEGIN_HEADER")' failed.
Test_gauge_force: /gpfs/mira-home/yidizhao/install/Grid/include/Grid/parallelIO/NerscIO.h:74: static int Grid::QCD::NerscIO::readHeader(std::__cxx11::basic_string<char, std::char_traits<char>, std::allocator<char>>, Grid::GridBase *, Grid::FieldMetaData &): Assertion `line==std::string("BEGIN_HEADER")' failed.
Test_gauge_force: /gpfs/mira-home/yidizhao/install/Grid/include/Grid/parallelIO/NerscIO.h:74: static int Grid::QCD::NerscIO::readHeader(std::__cxx11::basic_string<char, std::char_traits<char>, std::allocator<char>>, Grid::GridBase *, Grid::FieldMetaData &): Assertion `line==std::string("BEGIN_HEADER")' failed.
Test_gauge_force: /gpfs/mira-home/yidizhao/install/Grid/include/Grid/parallelIO/NerscIO.h:74: static int Grid::QCD::NerscIO::readHeader(std::__cxx11::basic_string<char, std::char_traits<char>, std::allocator<char>>, Grid::GridBase *, Grid::FieldMetaData &): Assertion `line==std::string("BEGIN_HEADER")' failed.
Test_gauge_force: /gpfs/mira-home/yidizhao/install/Grid/include/Grid/parallelIO/NerscIO.h:74: static int Grid::QCD::NerscIO::readHeader(std::__cxx11::basic_string<char, std::char_traits<char>, std::allocator<char>>, Grid::GridBase *, Grid::FieldMetaData &): Assertion `line==std::string("BEGIN_HEADER")' failed.
Test_gauge_force: /gpfs/mira-home/yidizhao/install/Grid/include/Grid/parallelIO/NerscIO.h:74: static int Grid::QCD::NerscIO::readHeader(std::__cxx11::basic_string<char, std::char_traits<char>, std::allocator<char>>, Grid::GridBase *, Grid::FieldMetaData &): Assertion `line==std::string("BEGIN_HEADER")' failed.
Test_gauge_force: /gpfs/mira-home/yidizhao/install/Grid/include/Grid/parallelIO/NerscIO.h:74: static int Grid::QCD::NerscIO::readHeader(std::__cxx11::basic_string<char, std::char_traits<char>, std::allocator<char>>, Grid::GridBase *, Grid::FieldMetaData &): Assertion `line==std::string("BEGIN_HEADER")' failed.
Test_gauge_force: /gpfs/mira-home/yidizhao/install/Grid/include/Grid/parallelIO/NerscIO.h:74: static int Grid::QCD::NerscIO::readHeader(std::__cxx11::basic_string<char, std::char_traits<char>, std::allocator<char>>, Grid::GridBase *, Grid::FieldMetaData &): Assertion `line==std::string("BEGIN_HEADER")' failed.
Test_gauge_force: /gpfs/mira-home/yidizhao/install/Grid/include/Grid/parallelIO/NerscIO.h:74: static int Grid::QCD::NerscIO::readHeader(std::__cxx11::basic_string<char, std::char_traits<char>, std::allocator<char>>, Grid::GridBase *, Grid::FieldMetaData &): Assertion `line==std::string("BEGIN_HEADER")' failed.
Test_gauge_force: /gpfs/mira-home/yidizhao/install/Grid/include/Grid/parallelIO/NerscIO.h:74: static int Grid::QCD::NerscIO::readHeader(std::__cxx11::basic_string<char, std::char_traits<char>, std::allocator<char>>, Grid::GridBase *, Grid::FieldMetaData &): Assertion `line==std::string("BEGIN_HEADER")' failed.
Test_gauge_force: /gpfs/mira-home/yidizhao/install/Grid/include/Grid/parallelIO/NerscIO.h:74: static int Grid::QCD::NerscIO::readHeader(std::__cxx11::basic_string<char, std::char_traits<char>, std::allocator<char>>, Grid::GridBase *, Grid::FieldMetaData &): Assertion `line==std::string("BEGIN_HEADER")' failed.
Test_gauge_force: /gpfs/mira-home/yidizhao/install/Grid/include/Grid/parallelIO/NerscIO.h:74: static int Grid::QCD::NerscIO::readHeader(std::__cxx11::basic_string<char, std::char_traits<char>, std::allocator<char>>, Grid::GridBase *, Grid::FieldMetaData &): Assertion `line==std::string("BEGIN_HEADER")' failed.
Test_gauge_force: /gpfs/mira-home/yidizhao/install/Grid/include/Grid/parallelIO/NerscIO.h:74: static int Grid::QCD::NerscIO::readHeader(std::__cxx11::basic_string<char, std::char_traits<char>, std::allocator<char>>, Grid::GridBase *, Grid::FieldMetaData &): Assertion `line==std::string("BEGIN_HEADER")' failed.
Test_gauge_force: /gpfs/mira-home/yidizhao/install/Grid/include/Grid/parallelIO/NerscIO.h:74: static int Grid::QCD::NerscIO::readHeader(std::__cxx11::basic_string<char, std::char_traits<char>, std::allocator<char>>, Grid::GridBase *, Grid::FieldMetaData &): Assertion `line==std::string("BEGIN_HEADER")' failed.
Test_gauge_force: /gpfs/mira-home/yidizhao/install/Grid/include/Grid/parallelIO/NerscIO.h:74: static int Grid::QCD::NerscIO::readHeader(std::__cxx11::basic_string<char, std::char_traits<char>, std::allocator<char>>, Grid::GridBase *, Grid::FieldMetaData &): Assertion `line==std::string("BEGIN_HEADER")' failed.
Test_gauge_force: /gpfs/mira-home/yidizhao/install/Grid/include/Grid/parallelIO/NerscIO.h:74: static int Grid::QCD::NerscIO::readHeader(std::__cxx11::basic_string<char, std::char_traits<char>, std::allocator<char>>, Grid::GridBase *, Grid::FieldMetaData &): Assertion `line==std::string("BEGIN_HEADER")' failed.
Test_gauge_force: /gpfs/mira-home/yidizhao/install/Grid/include/Grid/parallelIO/NerscIO.h:74: static int Grid::QCD::NerscIO::readHeader(std::__cxx11::basic_string<char, std::char_traits<char>, std::allocator<char>>, Grid::GridBase *, Grid::FieldMetaData &): Assertion `line==std::string("BEGIN_HEADER")' failed.
Test_gauge_force: /gpfs/mira-home/yidizhao/install/Grid/include/Grid/parallelIO/NerscIO.h:74: static int Grid::QCD::NerscIO::readHeader(std::__cxx11::basic_string<char, std::char_traits<char>, std::allocator<char>>, Grid::GridBase *, Grid::FieldMetaData &): Assertion `line==std::string("BEGIN_HEADER")' failed.
Test_gauge_force: /gpfs/mira-home/yidizhao/install/Grid/include/Grid/parallelIO/NerscIO.h:74: static int Grid::QCD::NerscIO::readHeader(std::__cxx11::basic_string<char, std::char_traits<char>, std::allocator<char>>, Grid::GridBase *, Grid::FieldMetaData &): Assertion `line==std::string("BEGIN_HEADER")' failed.
Test_gauge_force: /gpfs/mira-home/yidizhao/install/Grid/include/Grid/parallelIO/NerscIO.h:74: static int Grid::QCD::NerscIO::readHeader(std::__cxx11::basic_string<char, std::char_traits<char>, std::allocator<char>>, Grid::GridBase *, Grid::FieldMetaData &): Assertion `line==std::string("BEGIN_HEADER")' failed.
Test_gauge_force: /gpfs/mira-home/yidizhao/install/Grid/include/Grid/parallelIO/NerscIO.h:74: static int Grid::QCD::NerscIO::readHeader(std::__cxx11::basic_string<char, std::char_traits<char>, std::allocator<char>>, Grid::GridBase *, Grid::FieldMetaData &): Assertion `line==std::string("BEGIN_HEADER")' failed.
Test_gauge_force: /gpfs/mira-home/yidizhao/install/Grid/include/Grid/parallelIO/NerscIO.h:74: static int Grid::QCD::NerscIO::readHeader(std::__cxx11::basic_string<char, std::char_traits<char>, std::allocator<char>>, Grid::GridBase *, Grid::FieldMetaData &): Assertion `line==std::string("BEGIN_HEADER")' failed.
Test_gauge_force: /gpfs/mira-home/yidizhao/install/Grid/include/Grid/parallelIO/NerscIO.h:74: static int Grid::QCD::NerscIO::readHeader(std::__cxx11::basic_string<char, std::char_traits<char>, std::allocator<char>>, Grid::GridBase *, Grid::FieldMetaData &): Assertion `line==std::string("BEGIN_HEADER")' failed.
Test_gauge_force: /gpfs/mira-home/yidizhao/install/Grid/include/Grid/parallelIO/NerscIO.h:74: static int Grid::QCD::NerscIO::readHeader(std::__cxx11::basic_string<char, std::char_traits<char>, std::allocator<char>>, Grid::GridBase *, Grid::FieldMetaData &): Assertion `line==std::string("BEGIN_HEADER")' failed.
Test_gauge_force: /gpfs/mira-home/yidizhao/install/Grid/include/Grid/parallelIO/NerscIO.h:74: static int Grid::QCD::NerscIO::readHeader(std::__cxx11::basic_string<char, std::char_traits<char>, std::allocator<char>>, Grid::GridBase *, Grid::FieldMetaData &): Assertion `line==std::string("BEGIN_HEADER")' failed.
Test_gauge_force: /gpfs/mira-home/yidizhao/install/Grid/include/Grid/parallelIO/NerscIO.h:74: static int Grid::QCD::NerscIO::readHeader(std::__cxx11::basic_string<char, std::char_traits<char>, std::allocator<char>>, Grid::GridBase *, Grid::FieldMetaData &): Assertion `line==std::string("BEGIN_HEADER")' failed.
Test_gauge_force: /gpfs/mira-home/yidizhao/install/Grid/include/Grid/parallelIO/NerscIO.h:74: static int Grid::QCD::NerscIO::readHeader(std::__cxx11::basic_string<char, std::char_traits<char>, std::allocator<char>>, Grid::GridBase *, Grid::FieldMetaData &): Assertion `line==std::string("BEGIN_HEADER")' failed.
Test_gauge_force: /gpfs/mira-home/yidizhao/install/Grid/include/Grid/parallelIO/NerscIO.h:74: static int Grid::QCD::NerscIO::readHeader(std::__cxx11::basic_string<char, std::char_traits<char>, std::allocator<char>>, Grid::GridBase *, Grid::FieldMetaData &): Assertion `line==std::string("BEGIN_HEADER")' failed.
Test_gauge_force: /gpfs/mira-home/yidizhao/install/Grid/include/Grid/parallelIO/NerscIO.h:74: static int Grid::QCD::NerscIO::readHeader(std::__cxx11::basic_string<char, std::char_traits<char>, std::allocator<char>>, Grid::GridBase *, Grid::FieldMetaData &): Assertion `line==std::string("BEGIN_HEADER")' failed.
Test_gauge_force: /gpfs/mira-home/yidizhao/install/Grid/include/Grid/parallelIO/NerscIO.h:74: static int Grid::QCD::NerscIO::readHeader(std::__cxx11::basic_string<char, std::char_traits<char>, std::allocator<char>>, Grid::GridBase *, Grid::FieldMetaData &): Assertion `line==std::string("BEGIN_HEADER")' failed.
Test_gauge_force: /gpfs/mira-home/yidizhao/install/Grid/include/Grid/parallelIO/NerscIO.h:74: static int Grid::QCD::NerscIO::readHeader(std::__cxx11::basic_string<char, std::char_traits<char>, std::allocator<char>>, Grid::GridBase *, Grid::FieldMetaData &): Assertion `line==std::string("BEGIN_HEADER")' failed.
Test_gauge_force: /gpfs/mira-home/yidizhao/install/Grid/include/Grid/parallelIO/NerscIO.h:74: static int Grid::QCD::NerscIO::readHeader(std::__cxx11::basic_string<char, std::char_traits<char>, std::allocator<char>>, Grid::GridBase *, Grid::FieldMetaData &): Assertion `line==std::string("BEGIN_HEADER")' failed.
Test_gauge_force: /gpfs/mira-home/yidizhao/install/Grid/include/Grid/parallelIO/NerscIO.h:74: static int Grid::QCD::NerscIO::readHeader(std::__cxx11::basic_string<char, std::char_traits<char>, std::allocator<char>>, Grid::GridBase *, Grid::FieldMetaData &): Assertion `line==std::string("BEGIN_HEADER")' failed.
Test_gauge_force: /gpfs/mira-home/yidizhao/install/Grid/include/Grid/parallelIO/NerscIO.h:74: static int Grid::QCD::NerscIO::readHeader(std::__cxx11::basic_string<char, std::char_traits<char>, std::allocator<char>>, Grid::GridBase *, Grid::FieldMetaData &): Assertion `line==std::string("BEGIN_HEADER")' failed.
Test_gauge_force: /gpfs/mira-home/yidizhao/install/Grid/include/Grid/parallelIO/NerscIO.h:74: static int Grid::QCD::NerscIO::readHeader(std::__cxx11::basic_string<char, std::char_traits<char>, std::allocator<char>>, Grid::GridBase *, Grid::FieldMetaData &): Assertion `line==std::string("BEGIN_HEADER")' failed.
Test_gauge_force: /gpfs/mira-home/yidizhao/install/Grid/include/Grid/parallelIO/NerscIO.h:74: static int Grid::QCD::NerscIO::readHeader(std::__cxx11::basic_string<char, std::char_traits<char>, std::allocator<char>>, Grid::GridBase *, Grid::FieldMetaData &): Assertion `line==std::string("BEGIN_HEADER")' failed.
Test_gauge_force: /gpfs/mira-home/yidizhao/install/Grid/include/Grid/parallelIO/NerscIO.h:74: static int Grid::QCD::NerscIO::readHeader(std::__cxx11::basic_string<char, std::char_traits<char>, std::allocator<char>>, Grid::GridBase *, Grid::FieldMetaData &): Assertion `line==std::string("BEGIN_HEADER")' failed.
Test_gauge_force: /gpfs/mira-home/yidizhao/install/Grid/include/Grid/parallelIO/NerscIO.h:74: static int Grid::QCD::NerscIO::readHeader(std::__cxx11::basic_string<char, std::char_traits<char>, std::allocator<char>>, Grid::GridBase *, Grid::FieldMetaData &): Assertion `line==std::string("BEGIN_HEADER")' failed.
Test_gauge_force: /gpfs/mira-home/yidizhao/install/Grid/include/Grid/parallelIO/NerscIO.h:74: static int Grid::QCD::NerscIO::readHeader(std::__cxx11::basic_string<char, std::char_traits<char>, std::allocator<char>>, Grid::GridBase *, Grid::FieldMetaData &): Assertion `line==std::string("BEGIN_HEADER")' failed.
Test_gauge_force: /gpfs/mira-home/yidizhao/install/Grid/include/Grid/parallelIO/NerscIO.h:74: static int Grid::QCD::NerscIO::readHeader(std::__cxx11::basic_string<char, std::char_traits<char>, std::allocator<char>>, Grid::GridBase *, Grid::FieldMetaData &): Assertion `line==std::string("BEGIN_HEADER")' failed.
Test_gauge_force: /gpfs/mira-home/yidizhao/install/Grid/include/Grid/parallelIO/NerscIO.h:74: static int Grid::QCD::NerscIO::readHeader(std::__cxx11::basic_string<char, std::char_traits<char>, std::allocator<char>>, Grid::GridBase *, Grid::FieldMetaData &): Assertion `line==std::string("BEGIN_HEADER")' failed.
Test_gauge_force: /gpfs/mira-home/yidizhao/install/Grid/include/Grid/parallelIO/NerscIO.h:74: static int Grid::QCD::NerscIO::readHeader(std::__cxx11::basic_string<char, std::char_traits<char>, std::allocator<char>>, Grid::GridBase *, Grid::FieldMetaData &): Assertion `line==std::string("BEGIN_HEADER")' failed.
Test_gauge_force: /gpfs/mira-home/yidizhao/install/Grid/include/Grid/parallelIO/NerscIO.h:74: static int Grid::QCD::NerscIO::readHeader(std::__cxx11::basic_string<char, std::char_traits<char>, std::allocator<char>>, Grid::GridBase *, Grid::FieldMetaData &): Assertion `line==std::string("BEGIN_HEADER")' failed.
Test_gauge_force: /gpfs/mira-home/yidizhao/install/Grid/include/Grid/parallelIO/NerscIO.h:74: static int Grid::QCD::NerscIO::readHeader(std::__cxx11::basic_string<char, std::char_traits<char>, std::allocator<char>>, Grid::GridBase *, Grid::FieldMetaData &): Assertion `line==std::string("BEGIN_HEADER")' failed.
Test_gauge_force: /gpfs/mira-home/yidizhao/install/Grid/include/Grid/parallelIO/NerscIO.h:74: static int Grid::QCD::NerscIO::readHeader(std::__cxx11::basic_string<char, std::char_traits<char>, std::allocator<char>>, Grid::GridBase *, Grid::FieldMetaData &): Assertion `line==std::string("BEGIN_HEADER")' failed.
Test_gauge_force: /gpfs/mira-home/yidizhao/install/Grid/include/Grid/parallelIO/NerscIO.h:74: static int Grid::QCD::NerscIO::readHeader(std::__cxx11::basic_string<char, std::char_traits<char>, std::allocator<char>>, Grid::GridBase *, Grid::FieldMetaData &): Assertion `line==std::string("BEGIN_HEADER")' failed.
Test_gauge_force: /gpfs/mira-home/yidizhao/install/Grid/include/Grid/parallelIO/NerscIO.h:74: static int Grid::QCD::NerscIO::readHeader(std::__cxx11::basic_string<char, std::char_traits<char>, std::allocator<char>>, Grid::GridBase *, Grid::FieldMetaData &): Assertion `line==std::string("BEGIN_HEADER")' failed.
Test_gauge_force: /gpfs/mira-home/yidizhao/install/Grid/include/Grid/parallelIO/NerscIO.h:74: static int Grid::QCD::NerscIO::readHeader(std::__cxx11::basic_string<char, std::char_traits<char>, std::allocator<char>>, Grid::GridBase *, Grid::FieldMetaData &): Assertion `line==std::string("BEGIN_HEADER")' failed.
Test_gauge_force: /gpfs/mira-home/yidizhao/install/Grid/include/Grid/parallelIO/NerscIO.h:74: static int Grid::QCD::NerscIO::readHeader(std::__cxx11::basic_string<char, std::char_traits<char>, std::allocator<char>>, Grid::GridBase *, Grid::FieldMetaData &): Assertion `line==std::string("BEGIN_HEADER")' failed.
Test_gauge_force: /gpfs/mira-home/yidizhao/install/Grid/include/Grid/parallelIO/NerscIO.h:74: static int Grid::QCD::NerscIO::readHeader(std::__cxx11::basic_string<char, std::char_traits<char>, std::allocator<char>>, Grid::GridBase *, Grid::FieldMetaData &): Assertion `line==std::string("BEGIN_HEADER")' failed.
Test_gauge_force: /gpfs/mira-home/yidizhao/install/Grid/include/Grid/parallelIO/NerscIO.h:74: static int Grid::QCD::NerscIO::readHeader(std::__cxx11::basic_string<char, std::char_traits<char>, std::allocator<char>>, Grid::GridBase *, Grid::FieldMetaData &): Assertion `line==std::string("BEGIN_HEADER")' failed.
Test_gauge_force: /gpfs/mira-home/yidizhao/install/Grid/include/Grid/parallelIO/NerscIO.h:74: static int Grid::QCD::NerscIO::readHeader(std::__cxx11::basic_string<char, std::char_traits<char>, std::allocator<char>>, Grid::GridBase *, Grid::FieldMetaData &): Assertion `line==std::string("BEGIN_HEADER")' failed.
Test_gauge_force: /gpfs/mira-home/yidizhao/install/Grid/include/Grid/parallelIO/NerscIO.h:74: static int Grid::QCD::NerscIO::readHeader(std::__cxx11::basic_string<char, std::char_traits<char>, std::allocator<char>>, Grid::GridBase *, Grid::FieldMetaData &): Assertion `line==std::string("BEGIN_HEADER")' failed.
Test_gauge_force: /gpfs/mira-home/yidizhao/install/Grid/include/Grid/parallelIO/NerscIO.h:74: static int Grid::QCD::NerscIO::readHeader(std::__cxx11::basic_string<char, std::char_traits<char>, std::allocator<char>>, Grid::GridBase *, Grid::FieldMetaData &): Assertion `line==std::string("BEGIN_HEADER")' failed.
Test_gauge_force: /gpfs/mira-home/yidizhao/install/Grid/include/Grid/parallelIO/NerscIO.h:74: static int Grid::QCD::NerscIO::readHeader(std::__cxx11::basic_string<char, std::char_traits<char>, std::allocator<char>>, Grid::GridBase *, Grid::FieldMetaData &): Assertion `line==std::string("BEGIN_HEADER")' failed.
Test_gauge_force: /gpfs/mira-home/yidizhao/install/Grid/include/Grid/parallelIO/NerscIO.h:74: static int Grid::QCD::NerscIO::readHeader(std::__cxx11::basic_string<char, std::char_traits<char>, std::allocator<char>>, Grid::GridBase *, Grid::FieldMetaData &): Assertion `line==std::string("BEGIN_HEADER")' failed.
Test_gauge_force: /gpfs/mira-home/yidizhao/install/Grid/include/Grid/parallelIO/NerscIO.h:74: static int Grid::QCD::NerscIO::readHeader(std::__cxx11::basic_string<char, std::char_traits<char>, std::allocator<char>>, Grid::GridBase *, Grid::FieldMetaData &): Assertion `line==std::string("BEGIN_HEADER")' failed.
Test_gauge_force: /gpfs/mira-home/yidizhao/install/Grid/include/Grid/parallelIO/NerscIO.h:74: static int Grid::QCD::NerscIO::readHeader(std::__cxx11::basic_string<char, std::char_traits<char>, std::allocator<char>>, Grid::GridBase *, Grid::FieldMetaData &): Assertion `line==std::string("BEGIN_HEADER")' failed.
Test_gauge_force: /gpfs/mira-home/yidizhao/install/Grid/include/Grid/parallelIO/NerscIO.h:74: static int Grid::QCD::NerscIO::readHeader(std::__cxx11::basic_string<char, std::char_traits<char>, std::allocator<char>>, Grid::GridBase *, Grid::FieldMetaData &): Assertion `line==std::string("BEGIN_HEADER")' failed.
Test_gauge_force: /gpfs/mira-home/yidizhao/install/Grid/include/Grid/parallelIO/NerscIO.h:74: static int Grid::QCD::NerscIO::readHeader(std::__cxx11::basic_string<char, std::char_traits<char>, std::allocator<char>>, Grid::GridBase *, Grid::FieldMetaData &): Assertion `line==std::string("BEGIN_HEADER")' failed.
Test_gauge_force: /gpfs/mira-home/yidizhao/install/Grid/include/Grid/parallelIO/NerscIO.h:74: static int Grid::QCD::NerscIO::readHeader(std::__cxx11::basic_string<char, std::char_traits<char>, std::allocator<char>>, Grid::GridBase *, Grid::FieldMetaData &): Assertion `line==std::string("BEGIN_HEADER")' failed.
Test_gauge_force: /gpfs/mira-home/yidizhao/install/Grid/include/Grid/parallelIO/NerscIO.h:74: static int Grid::QCD::NerscIO::readHeader(std::__cxx11::basic_string<char, std::char_traits<char>, std::allocator<char>>, Grid::GridBase *, Grid::FieldMetaData &): Assertion `line==std::string("BEGIN_HEADER")' failed.
Test_gauge_force: /gpfs/mira-home/yidizhao/install/Grid/include/Grid/parallelIO/NerscIO.h:74: static int Grid::QCD::NerscIO::readHeader(std::__cxx11::basic_string<char, std::char_traits<char>, std::allocator<char>>, Grid::GridBase *, Grid::FieldMetaData &): Assertion `line==std::string("BEGIN_HEADER")' failed.
Test_gauge_force: /gpfs/mira-home/yidizhao/install/Grid/include/Grid/parallelIO/NerscIO.h:74: static int Grid::QCD::NerscIO::readHeader(std::__cxx11::basic_string<char, std::char_traits<char>, std::allocator<char>>, Grid::GridBase *, Grid::FieldMetaData &): Assertion `line==std::string("BEGIN_HEADER")' failed.
Test_gauge_force: /gpfs/mira-home/yidizhao/install/Grid/include/Grid/parallelIO/NerscIO.h:74: static int Grid::QCD::NerscIO::readHeader(std::__cxx11::basic_string<char, std::char_traits<char>, std::allocator<char>>, Grid::GridBase *, Grid::FieldMetaData &): Assertion `line==std::string("BEGIN_HEADER")' failed.
Test_gauge_force: /gpfs/mira-home/yidizhao/install/Grid/include/Grid/parallelIO/NerscIO.h:74: static int Grid::QCD::NerscIO::readHeader(std::__cxx11::basic_string<char, std::char_traits<char>, std::allocator<char>>, Grid::GridBase *, Grid::FieldMetaData &): Assertion `line==std::string("BEGIN_HEADER")' failed.
Test_gauge_force: /gpfs/mira-home/yidizhao/install/Grid/include/Grid/parallelIO/NerscIO.h:74: static int Grid::QCD::NerscIO::readHeader(std::__cxx11::basic_string<char, std::char_traits<char>, std::allocator<char>>, Grid::GridBase *, Grid::FieldMetaData &): Assertion `line==std::string("BEGIN_HEADER")' failed.
Test_gauge_force: /gpfs/mira-home/yidizhao/install/Grid/include/Grid/parallelIO/NerscIO.h:74: static int Grid::QCD::NerscIO::readHeader(std::__cxx11::basic_string<char, std::char_traits<char>, std::allocator<char>>, Grid::GridBase *, Grid::FieldMetaData &): Assertion `line==std::string("BEGIN_HEADER")' failed.
Test_gauge_force: /gpfs/mira-home/yidizhao/install/Grid/include/Grid/parallelIO/NerscIO.h:74: static int Grid::QCD::NerscIO::readHeader(std::__cxx11::basic_string<char, std::char_traits<char>, std::allocator<char>>, Grid::GridBase *, Grid::FieldMetaData &): Assertion `line==std::string("BEGIN_HEADER")' failed.
Test_gauge_force: /gpfs/mira-home/yidizhao/install/Grid/include/Grid/parallelIO/NerscIO.h:74: static int Grid::QCD::NerscIO::readHeader(std::__cxx11::basic_string<char, std::char_traits<char>, std::allocator<char>>, Grid::GridBase *, Grid::FieldMetaData &): Assertion `line==std::string("BEGIN_HEADER")' failed.
Test_gauge_force: /gpfs/mira-home/yidizhao/install/Grid/include/Grid/parallelIO/NerscIO.h:74: static int Grid::QCD::NerscIO::readHeader(std::__cxx11::basic_string<char, std::char_traits<char>, std::allocator<char>>, Grid::GridBase *, Grid::FieldMetaData &): Assertion `line==std::string("BEGIN_HEADER")' failed.
Test_gauge_force: /gpfs/mira-home/yidizhao/install/Grid/include/Grid/parallelIO/NerscIO.h:74: static int Grid::QCD::NerscIO::readHeader(std::__cxx11::basic_string<char, std::char_traits<char>, std::allocator<char>>, Grid::GridBase *, Grid::FieldMetaData &): Assertion `line==std::string("BEGIN_HEADER")' failed.
Test_gauge_force: /gpfs/mira-home/yidizhao/install/Grid/include/Grid/parallelIO/NerscIO.h:74: static int Grid::QCD::NerscIO::readHeader(std::__cxx11::basic_string<char, std::char_traits<char>, std::allocator<char>>, Grid::GridBase *, Grid::FieldMetaData &): Assertion `line==std::string("BEGIN_HEADER")' failed.
Test_gauge_force: /gpfs/mira-home/yidizhao/install/Grid/include/Grid/parallelIO/NerscIO.h:74: static int Grid::QCD::NerscIO::readHeader(std::__cxx11::basic_string<char, std::char_traits<char>, std::allocator<char>>, Grid::GridBase *, Grid::FieldMetaData &): Assertion `line==std::string("BEGIN_HEADER")' failed.
Test_gauge_force: /gpfs/mira-home/yidizhao/install/Grid/include/Grid/parallelIO/NerscIO.h:74: static int Grid::QCD::NerscIO::readHeader(std::__cxx11::basic_string<char, std::char_traits<char>, std::allocator<char>>, Grid::GridBase *, Grid::FieldMetaData &): Assertion `line==std::string("BEGIN_HEADER")' failed.
Test_gauge_force: /gpfs/mira-home/yidizhao/install/Grid/include/Grid/parallelIO/NerscIO.h:74: static int Grid::QCD::NerscIO::readHeader(std::__cxx11::basic_string<char, std::char_traits<char>, std::allocator<char>>, Grid::GridBase *, Grid::FieldMetaData &): Assertion `line==std::string("BEGIN_HEADER")' failed.
Test_gauge_force: /gpfs/mira-home/yidizhao/install/Grid/include/Grid/parallelIO/NerscIO.h:74: static int Grid::QCD::NerscIO::readHeader(std::__cxx11::basic_string<char, std::char_traits<char>, std::allocator<char>>, Grid::GridBase *, Grid::FieldMetaData &): Assertion `line==std::string("BEGIN_HEADER")' failed.
Test_gauge_force: /gpfs/mira-home/yidizhao/install/Grid/include/Grid/parallelIO/NerscIO.h:74: static int Grid::QCD::NerscIO::readHeader(std::__cxx11::basic_string<char, std::char_traits<char>, std::allocator<char>>, Grid::GridBase *, Grid::FieldMetaData &): Assertion `line==std::string("BEGIN_HEADER")' failed.
Test_gauge_force: /gpfs/mira-home/yidizhao/install/Grid/include/Grid/parallelIO/NerscIO.h:74: static int Grid::QCD::NerscIO::readHeader(std::__cxx11::basic_string<char, std::char_traits<char>, std::allocator<char>>, Grid::GridBase *, Grid::FieldMetaData &): Assertion `line==std::string("BEGIN_HEADER")' failed.
Test_gauge_force: /gpfs/mira-home/yidizhao/install/Grid/include/Grid/parallelIO/NerscIO.h:74: static int Grid::QCD::NerscIO::readHeader(std::__cxx11::basic_string<char, std::char_traits<char>, std::allocator<char>>, Grid::GridBase *, Grid::FieldMetaData &): Assertion `line==std::string("BEGIN_HEADER")' failed.
Test_gauge_force: /gpfs/mira-home/yidizhao/install/Grid/include/Grid/parallelIO/NerscIO.h:74: static int Grid::QCD::NerscIO::readHeader(std::__cxx11::basic_string<char, std::char_traits<char>, std::allocator<char>>, Grid::GridBase *, Grid::FieldMetaData &): Assertion `line==std::string("BEGIN_HEADER")' failed.
Test_gauge_force: /gpfs/mira-home/yidizhao/install/Grid/include/Grid/parallelIO/NerscIO.h:74: static int Grid::QCD::NerscIO::readHeader(std::__cxx11::basic_string<char, std::char_traits<char>, std::allocator<char>>, Grid::GridBase *, Grid::FieldMetaData &): Assertion `line==std::string("BEGIN_HEADER")' failed.
Test_gauge_force: /gpfs/mira-home/yidizhao/install/Grid/include/Grid/parallelIO/NerscIO.h:74: static int Grid::QCD::NerscIO::readHeader(std::__cxx11::basic_string<char, std::char_traits<char>, std::allocator<char>>, Grid::GridBase *, Grid::FieldMetaData &): Assertion `line==std::string("BEGIN_HEADER")' failed.
Test_gauge_force: /gpfs/mira-home/yidizhao/install/Grid/include/Grid/parallelIO/NerscIO.h:74: static int Grid::QCD::NerscIO::readHeader(std::__cxx11::basic_string<char, std::char_traits<char>, std::allocator<char>>, Grid::GridBase *, Grid::FieldMetaData &): Assertion `line==std::string("BEGIN_HEADER")' failed.
Test_gauge_force: /gpfs/mira-home/yidizhao/install/Grid/include/Grid/parallelIO/NerscIO.h:74: static int Grid::QCD::NerscIO::readHeader(std::__cxx11::basic_string<char, std::char_traits<char>, std::allocator<char>>, Grid::GridBase *, Grid::FieldMetaData &): Assertion `line==std::string("BEGIN_HEADER")' failed.
Test_gauge_force: /gpfs/mira-home/yidizhao/install/Grid/include/Grid/parallelIO/NerscIO.h:74: static int Grid::QCD::NerscIO::readHeader(std::__cxx11::basic_string<char, std::char_traits<char>, std::allocator<char>>, Grid::GridBase *, Grid::FieldMetaData &): Assertion `line==std::string("BEGIN_HEADER")' failed.
Test_gauge_force: /gpfs/mira-home/yidizhao/install/Grid/include/Grid/parallelIO/NerscIO.h:74: static int Grid::QCD::NerscIO::readHeader(std::__cxx11::basic_string<char, std::char_traits<char>, std::allocator<char>>, Grid::GridBase *, Grid::FieldMetaData &): Assertion `line==std::string("BEGIN_HEADER")' failed.
Test_gauge_force: /gpfs/mira-home/yidizhao/install/Grid/include/Grid/parallelIO/NerscIO.h:74: static int Grid::QCD::NerscIO::readHeader(std::__cxx11::basic_string<char, std::char_traits<char>, std::allocator<char>>, Grid::GridBase *, Grid::FieldMetaData &): Assertion `line==std::string("BEGIN_HEADER")' failed.
Test_gauge_force: /gpfs/mira-home/yidizhao/install/Grid/include/Grid/parallelIO/NerscIO.h:74: static int Grid::QCD::NerscIO::readHeader(std::__cxx11::basic_string<char, std::char_traits<char>, std::allocator<char>>, Grid::GridBase *, Grid::FieldMetaData &): Assertion `line==std::string("BEGIN_HEADER")' failed.
Test_gauge_force: /gpfs/mira-home/yidizhao/install/Grid/include/Grid/parallelIO/NerscIO.h:74: static int Grid::QCD::NerscIO::readHeader(std::__cxx11::basic_string<char, std::char_traits<char>, std::allocator<char>>, Grid::GridBase *, Grid::FieldMetaData &): Assertion `line==std::string("BEGIN_HEADER")' failed.
Test_gauge_force: /gpfs/mira-home/yidizhao/install/Grid/include/Grid/parallelIO/NerscIO.h:74: static int Grid::QCD::NerscIO::readHeader(std::__cxx11::basic_string<char, std::char_traits<char>, std::allocator<char>>, Grid::GridBase *, Grid::FieldMetaData &): Assertion `line==std::string("BEGIN_HEADER")' failed.
Test_gauge_force: /gpfs/mira-home/yidizhao/install/Grid/include/Grid/parallelIO/NerscIO.h:74: static int Grid::QCD::NerscIO::readHeader(std::__cxx11::basic_string<char, std::char_traits<char>, std::allocator<char>>, Grid::GridBase *, Grid::FieldMetaData &): Assertion `line==std::string("BEGIN_HEADER")' failed.
Test_gauge_force: /gpfs/mira-home/yidizhao/install/Grid/include/Grid/parallelIO/NerscIO.h:74: static int Grid::QCD::NerscIO::readHeader(std::__cxx11::basic_string<char, std::char_traits<char>, std::allocator<char>>, Grid::GridBase *, Grid::FieldMetaData &): Assertion `line==std::string("BEGIN_HEADER")' failed.
Test_gauge_force: /gpfs/mira-home/yidizhao/install/Grid/include/Grid/parallelIO/NerscIO.h:74: static int Grid::QCD::NerscIO::readHeader(std::__cxx11::basic_string<char, std::char_traits<char>, std::allocator<char>>, Grid::GridBase *, Grid::FieldMetaData &): Assertion `line==std::string("BEGIN_HEADER")' failed.
Test_gauge_force: /gpfs/mira-home/yidizhao/install/Grid/include/Grid/parallelIO/NerscIO.h:74: static int Grid::QCD::NerscIO::readHeader(std::__cxx11::basic_string<char, std::char_traits<char>, std::allocator<char>>, Grid::GridBase *, Grid::FieldMetaData &): Assertion `line==std::string("BEGIN_HEADER")' failed.
Test_gauge_force: /gpfs/mira-home/yidizhao/install/Grid/include/Grid/parallelIO/NerscIO.h:74: static int Grid::QCD::NerscIO::readHeader(std::__cxx11::basic_string<char, std::char_traits<char>, std::allocator<char>>, Grid::GridBase *, Grid::FieldMetaData &): Assertion `line==std::string("BEGIN_HEADER")' failed.
Test_gauge_force: /gpfs/mira-home/yidizhao/install/Grid/include/Grid/parallelIO/NerscIO.h:74: static int Grid::QCD::NerscIO::readHeader(std::__cxx11::basic_string<char, std::char_traits<char>, std::allocator<char>>, Grid::GridBase *, Grid::FieldMetaData &): Assertion `line==std::string("BEGIN_HEADER")' failed.
Test_gauge_force: /gpfs/mira-home/yidizhao/install/Grid/include/Grid/parallelIO/NerscIO.h:74: static int Grid::QCD::NerscIO::readHeader(std::__cxx11::basic_string<char, std::char_traits<char>, std::allocator<char>>, Grid::GridBase *, Grid::FieldMetaData &): Assertion `line==std::string("BEGIN_HEADER")' failed.
Test_gauge_force: /gpfs/mira-home/yidizhao/install/Grid/include/Grid/parallelIO/NerscIO.h:74: static int Grid::QCD::NerscIO::readHeader(std::__cxx11::basic_string<char, std::char_traits<char>, std::allocator<char>>, Grid::GridBase *, Grid::FieldMetaData &): Assertion `line==std::string("BEGIN_HEADER")' failed.
Test_gauge_force: /gpfs/mira-home/yidizhao/install/Grid/include/Grid/parallelIO/NerscIO.h:74: static int Grid::QCD::NerscIO::readHeader(std::__cxx11::basic_string<char, std::char_traits<char>, std::allocator<char>>, Grid::GridBase *, Grid::FieldMetaData &): Assertion `line==std::string("BEGIN_HEADER")' failed.
Test_gauge_force: /gpfs/mira-home/yidizhao/install/Grid/include/Grid/parallelIO/NerscIO.h:74: static int Grid::QCD::NerscIO::readHeader(std::__cxx11::basic_string<char, std::char_traits<char>, std::allocator<char>>, Grid::GridBase *, Grid::FieldMetaData &): Assertion `line==std::string("BEGIN_HEADER")' failed.
Test_gauge_force: /gpfs/mira-home/yidizhao/install/Grid/include/Grid/parallelIO/NerscIO.h:74: static int Grid::QCD::NerscIO::readHeader(std::__cxx11::basic_string<char, std::char_traits<char>, std::allocator<char>>, Grid::GridBase *, Grid::FieldMetaData &): Assertion `line==std::string("BEGIN_HEADER")' failed.
Test_gauge_force: /gpfs/mira-home/yidizhao/install/Grid/include/Grid/parallelIO/NerscIO.h:74: static int Grid::QCD::NerscIO::readHeader(std::__cxx11::basic_string<char, std::char_traits<char>, std::allocator<char>>, Grid::GridBase *, Grid::FieldMetaData &): Assertion `line==std::string("BEGIN_HEADER")' failed.
Test_gauge_force: /gpfs/mira-home/yidizhao/install/Grid/include/Grid/parallelIO/NerscIO.h:74: static int Grid::QCD::NerscIO::readHeader(std::__cxx11::basic_string<char, std::char_traits<char>, std::allocator<char>>, Grid::GridBase *, Grid::FieldMetaData &): Assertion `line==std::string("BEGIN_HEADER")' failed.
Test_gauge_force: /gpfs/mira-home/yidizhao/install/Grid/include/Grid/parallelIO/NerscIO.h:74: static int Grid::QCD::NerscIO::readHeader(std::__cxx11::basic_string<char, std::char_traits<char>, std::allocator<char>>, Grid::GridBase *, Grid::FieldMetaData &): Assertion `line==std::string("BEGIN_HEADER")' failed.
Test_gauge_force: /gpfs/mira-home/yidizhao/install/Grid/include/Grid/parallelIO/NerscIO.h:74: static int Grid::QCD::NerscIO::readHeader(std::__cxx11::basic_string<char, std::char_traits<char>, std::allocator<char>>, Grid::GridBase *, Grid::FieldMetaData &): Assertion `line==std::string("BEGIN_HEADER")' failed.
Test_gauge_force: /gpfs/mira-home/yidizhao/install/Grid/include/Grid/parallelIO/NerscIO.h:74: static int Grid::QCD::NerscIO::readHeader(std::__cxx11::basic_string<char, std::char_traits<char>, std::allocator<char>>, Grid::GridBase *, Grid::FieldMetaData &): Assertion `line==std::string("BEGIN_HEADER")' failed.
Test_gauge_force: /gpfs/mira-home/yidizhao/install/Grid/include/Grid/parallelIO/NerscIO.h:74: static int Grid::QCD::NerscIO::readHeader(std::__cxx11::basic_string<char, std::char_traits<char>, std::allocator<char>>, Grid::GridBase *, Grid::FieldMetaData &): Assertion `line==std::string("BEGIN_HEADER")' failed.
Test_gauge_force: /gpfs/mira-home/yidizhao/install/Grid/include/Grid/parallelIO/NerscIO.h:74: static int Grid::QCD::NerscIO::readHeader(std::__cxx11::basic_string<char, std::char_traits<char>, std::allocator<char>>, Grid::GridBase *, Grid::FieldMetaData &): Assertion `line==std::string("BEGIN_HEADER")' failed.
_pmiu_daemon(SIGCHLD): [NID 03251] [c4-1c2s12n3] [Tue Dec  3 21:51:37 2019] PE RANK 15 exit signal Aborted
_pmiu_daemon(SIGCHLD): [NID 03282] [c5-1c0s4n2] [Tue Dec  3 21:51:37 2019] PE RANK 26 exit signal Aborted
_pmiu_daemon(SIGCHLD): [NID 03517] [c6-1c0s15n1] [Tue Dec  3 21:51:37 2019] PE RANK 99 exit signal Aborted
_pmiu_daemon(SIGCHLD): [NID 02786] [c2-1c1s8n2] [Tue Dec  3 21:51:37 2019] PE RANK 12 exit signal Aborted
_pmiu_daemon(SIGCHLD): [NID 03350] [c5-1c1s5n2] [Tue Dec  3 21:51:37 2019] PE RANK 40 exit signal Aborted
_pmiu_daemon(SIGCHLD): [NID 03565] [c6-1c1s11n1] [Tue Dec  3 21:51:37 2019] PE RANK 112 exit signal Aborted
_pmiu_daemon(SIGCHLD): [NID 03516] [c6-1c0s15n0] [Tue Dec  3 21:51:37 2019] PE RANK 98 exit signal Aborted
_pmiu_daemon(SIGCHLD): [NID 03250] [c4-1c2s12n2] [Tue Dec  3 21:51:37 2019] PE RANK 14 exit signal Aborted
_pmiu_daemon(SIGCHLD): [NID 03264] [c5-1c0s0n0] [Tue Dec  3 21:51:37 2019] PE RANK 19 exit signal Aborted
_pmiu_daemon(SIGCHLD): [NID 03299] [c5-1c0s8n3] [Tue Dec  3 21:51:37 2019] PE RANK 28 exit signal Aborted
_pmiu_daemon(SIGCHLD): [NID 03464] [c6-1c0s2n0] [Tue Dec  3 21:51:37 2019] PE RANK 67 exit signal Aborted
_pmiu_daemon(SIGCHLD): [NID 03535] [c6-1c1s3n3] [Tue Dec  3 21:51:37 2019] PE RANK 105 exit signal Aborted
_pmiu_daemon(SIGCHLD): [NID 03582] [c6-1c1s15n2] [Tue Dec  3 21:51:37 2019] PE RANK 123 exit signal Aborted
_pmiu_daemon(SIGCHLD): [NID 03567] [c6-1c1s11n3] [Tue Dec  3 21:51:37 2019] PE RANK 114 exit signal Aborted
[NID 03516] 2019-12-03 21:51:37 Apid 18796434: initiated application termination
_pmiu_daemon(SIGCHLD): [NID 03467] [c6-1c0s2n3] [Tue Dec  3 21:51:37 2019] PE RANK 70 exit signal Aborted
_pmiu_daemon(SIGCHLD): [NID 03465] [c6-1c0s2n1] [Tue Dec  3 21:51:37 2019] PE RANK 68 exit signal Aborted
_pmiu_daemon(SIGCHLD): [NID 00119] [c0-0c1s13n3] [Tue Dec  3 21:51:37 2019] PE RANK 5 exit signal Aborted
_pmiu_daemon(SIGCHLD): [NID 00112] [c0-0c1s12n0] [Tue Dec  3 21:51:37 2019] PE RANK 2 exit signal Aborted
_pmiu_daemon(SIGCHLD): [NID 03313] [c5-1c0s12n1] [Tue Dec  3 21:51:37 2019] PE RANK 32 exit signal Aborted
_pmiu_daemon(SIGCHLD): [NID 03366] [c5-1c1s9n2] [Tue Dec  3 21:51:37 2019] PE RANK 53 exit signal Aborted
_pmiu_daemon(SIGCHLD): [NID 03490] [c6-1c0s8n2] [Tue Dec  3 21:51:37 2019] PE RANK 88 exit signal Aborted
_pmiu_daemon(SIGCHLD): [NID 03585] [c6-1c2s0n1] [Tue Dec  3 21:51:37 2019] PE RANK 126 exit signal Aborted
_pmiu_daemon(SIGCHLD): [NID 03499] [c6-1c0s10n3] [Tue Dec  3 21:51:37 2019] PE RANK 96 exit signal Aborted
_pmiu_daemon(SIGCHLD): [NID 03495] [c6-1c0s9n3] [Tue Dec  3 21:51:37 2019] PE RANK 92 exit signal Aborted
_pmiu_daemon(SIGCHLD): [NID 03487] [c6-1c0s7n3] [Tue Dec  3 21:51:37 2019] PE RANK 87 exit signal Aborted
_pmiu_daemon(SIGCHLD): [NID 03480] [c6-1c0s6n0] [Tue Dec  3 21:51:37 2019] PE RANK 83 exit signal Aborted
_pmiu_daemon(SIGCHLD): [NID 03475] [c6-1c0s4n3] [Tue Dec  3 21:51:37 2019] PE RANK 78 exit signal Aborted
_pmiu_daemon(SIGCHLD): [NID 03473] [c6-1c0s4n1] [Tue Dec  3 21:51:37 2019] PE RANK 76 exit signal Aborted
_pmiu_daemon(SIGCHLD): [NID 03404] [c5-1c2s3n0] [Tue Dec  3 21:51:37 2019] PE RANK 57 exit signal Aborted
_pmiu_daemon(SIGCHLD): [NID 03362] [c5-1c1s8n2] [Tue Dec  3 21:51:37 2019] PE RANK 50 exit signal Aborted
_pmiu_daemon(SIGCHLD): [NID 03316] [c5-1c0s13n0] [Tue Dec  3 21:51:37 2019] PE RANK 34 exit signal Aborted
_pmiu_daemon(SIGCHLD): [NID 03310] [c5-1c0s11n2] [Tue Dec  3 21:51:37 2019] PE RANK 29 exit signal Aborted
_pmiu_daemon(SIGCHLD): [NID 03279] [c5-1c0s3n3] [Tue Dec  3 21:51:37 2019] PE RANK 24 exit signal Aborted
_pmiu_daemon(SIGCHLD): [NID 03364] [c5-1c1s9n0] [Tue Dec  3 21:51:37 2019] PE RANK 52 exit signal Aborted
_pmiu_daemon(SIGCHLD): [NID 03451] [c5-1c2s14n3] [Tue Dec  3 21:51:37 2019] PE RANK 62 exit signal Aborted
_pmiu_daemon(SIGCHLD): [NID 03472] [c6-1c0s4n0] [Tue Dec  3 21:51:37 2019] PE RANK 75 exit signal Aborted
_pmiu_daemon(SIGCHLD): [NID 03496] [c6-1c0s10n0] [Tue Dec  3 21:51:37 2019] PE RANK 93 exit signal Aborted
_pmiu_daemon(SIGCHLD): [NID 03581] [c6-1c1s15n1] [Tue Dec  3 21:51:37 2019] PE RANK 122 exit signal Aborted
_pmiu_daemon(SIGCHLD): [NID 03474] [c6-1c0s4n2] [Tue Dec  3 21:51:37 2019] PE RANK 77 exit signal Aborted
_pmiu_daemon(SIGCHLD): [NID 03539] [c6-1c1s4n3] [Tue Dec  3 21:51:37 2019] PE RANK 108 exit signal Aborted
_pmiu_daemon(SIGCHLD): [NID 03432] [c5-1c2s10n0] [Tue Dec  3 21:51:37 2019] PE RANK 60 exit signal Aborted
_pmiu_daemon(SIGCHLD): [NID 03395] [c5-1c2s0n3] [Tue Dec  3 21:51:37 2019] PE RANK 56 exit signal Aborted
_pmiu_daemon(SIGCHLD): [NID 02782] [c2-1c1s7n2] [Tue Dec  3 21:51:37 2019] PE RANK 8 exit signal Aborted
_pmiu_daemon(SIGCHLD): [NID 02781] [c2-1c1s7n1] [Tue Dec  3 21:51:37 2019] PE RANK 7 exit signal Aborted
_pmiu_daemon(SIGCHLD): [NID 03369] [c5-1c1s10n1] [Tue Dec  3 21:51:37 2019] PE RANK 55 exit signal Aborted
_pmiu_daemon(SIGCHLD): [NID 03367] [c5-1c1s9n3] [Tue Dec  3 21:51:37 2019] PE RANK 54 exit signal Aborted
_pmiu_daemon(SIGCHLD): [NID 02780] [c2-1c1s7n0] [Tue Dec  3 21:51:37 2019] PE RANK 6 exit signal Aborted
_pmiu_daemon(SIGCHLD): [NID 03537] [c6-1c1s4n1] [Tue Dec  3 21:51:37 2019] PE RANK 107 exit signal Aborted
_pmiu_daemon(SIGCHLD): [NID 03536] [c6-1c1s4n0] [Tue Dec  3 21:51:37 2019] PE RANK 106 exit signal Aborted
Application 18796434 exit codes: 134
Application 18796434 exit signals: Killed
Application 18796434 resources: utime ~0s, stime ~186s, Rss ~1057504, inblocks ~2692, outblocks ~0
