before Grid init
before Grid init
before Grid init
before Grid init
SharedMemoryAllocate 1073741824 SHMOPEN implementation 
SharedMemoryAllocate 1073741824 SHMOPEN implementation 
SharedMemoryAllocate 1073741824 SHMOPEN implementation 
SharedMemoryAllocate 1073741824 SHMOPEN implementation 

__|__|__|__|__|__|__|__|__|__|__|__|__|__|__
__|__|__|__|__|__|__|__|__|__|__|__|__|__|__
__|_ |  |  |  |  |  |  |  |  |  |  |  | _|__
__|_                                    _|__
__|_   GGGG    RRRR    III    DDDD      _|__
__|_  G        R   R    I     D   D     _|__
__|_  G        R   R    I     D    D    _|__
__|_  G  GG    RRRR     I     D    D    _|__
__|_  G   G    R  R     I     D   D     _|__
__|_   GGGG    R   R   III    DDDD      _|__
__|_                                    _|__
__|__|__|__|__|__|__|__|__|__|__|__|__|__|__
__|__|__|__|__|__|__|__|__|__|__|__|__|__|__
  |  |  |  |  |  |  |  |  |  |  |  |  |  |  


Copyright (C) 2015 Peter Boyle, Azusa Yamaguchi, Guido Cossu, Antonin Portelli and other authors

This program is free software; you can redistribute it and/or modify
it under the terms of the GNU General Public License as published by
the Free Software Foundation; either version 2 of the License, or
(at your option) any later version.

This program is distributed in the hope that it will be useful,
but WITHOUT ANY WARRANTY; without even the implied warranty of
MERCHANTABILITY or FITNESS FOR A PARTICULAR PURPOSE.  See the
GNU General Public License for more details.
Current Grid git commit hash is undefined. Check makefile.

Grid : Message : 1.117044 s : Requesting 1073741824 byte stencil comms buffers 
after Grid init
Grid : Message : 1.117105 s : Grid Layout
Grid : Message : 1.117122 s : 	Global lattice size  : 16 16 16 16 
Grid : Message : 1.117154 s : 	OpenMP threads       : 64
Grid : Message : 1.117177 s : 	MPI tasks            : 1 1 2 2 
zyd Warning: there is a discrepancy in evolution time between cps and old version Grid.
In terms of cps, your trajectory length is 1
In terms of old version Grid, your trajectory length is 1.41421
Grid : Message : 1.366322 s : * BEGIN_HEADER
Grid : Message : 1.366372 s : * HDR_VERSION = 
Grid : Message : 1.366403 s : * DATATYPE = 4D_SU3_GAUGE_3x3
Grid : Message : 1.366428 s : * STORAGE_FORMAT = 
Grid : Message : 1.366458 s : * DIMENSION_1 = 16
Grid : Message : 1.366485 s : * DIMENSION_2 = 16
Grid : Message : 1.366514 s : * DIMENSION_3 = 16
Grid : Message : 1.366540 s : * DIMENSION_4 = 16
Grid : Message : 1.366566 s : * LINK_TRACE = 0.1346399678
Grid : Message : 1.366591 s : * PLAQUETTE  = 0.7828155183
Grid : Message : 1.366617 s : * BOUNDARY_1 = PERIODIC
Grid : Message : 1.366661 s : * BOUNDARY_2 = PERIODIC
Grid : Message : 1.366688 s : * BOUNDARY_3 = PERIODIC
Grid : Message : 1.366760 s : * BOUNDARY_4 = PERIODIC
Grid : Message : 1.366812 s : * CHECKSUM =   621ca237
Grid : Message : 1.366839 s : * SCIDAC_CHECKSUMA =          0
Grid : Message : 1.366866 s : * SCIDAC_CHECKSUMB =          0
Grid : Message : 1.366901 s : * ENSEMBLE_ID = UKQCD
Grid : Message : 1.366996 s : * ENSEMBLE_LABEL = DWF
Grid : Message : 1.367031 s : * SEQUENCE_NUMBER = 1
Grid : Message : 1.367078 s : * CREATOR = 
Grid : Message : 1.367111 s : * CREATOR_HARDWARE = 
Grid : Message : 1.367155 s : * CREATION_DATE = 
Grid : Message : 1.367182 s : * ARCHIVE_DATE = 
Grid : Message : 1.367236 s : * FLOATING_POINT = IEEE64BIG
Grid : Message : 1.367262 s : * END_HEADER
Grid : Message : 1.373085 s : IOobject: MPI read I/O /lus/theta-fs0/projects/CSC249ADSE03/yidizhao/GFFA/Oct25/beta10_M0.25_traj1/ckpoint_lat.5000
Grid : Message : 1.595321 s : IOobject:  read  37748736 bytes in 0.195590 s 192.999 MB/s 
Grid : Message : 1.595400 s : IOobject: endian and checksum overhead 0.265830 s
Grid : Message : 1.606922 s : readLatticeObject: vectorize overhead 0.670000 s
Grid : Message : 1.633883 s : NERSC Configuration /lus/theta-fs0/projects/CSC249ADSE03/yidizhao/GFFA/Oct25/beta10_M0.25_traj1/ckpoint_lat.5000 checksum 621ca237 header   621ca237
Grid : Message : 1.633949 s : NERSC Configuration /lus/theta-fs0/projects/CSC249ADSE03/yidizhao/GFFA/Oct25/beta10_M0.25_traj1/ckpoint_lat.5000 plaquette 0.782816 header    0.782816
Grid : Message : 1.634014 s : NERSC Configuration /lus/theta-fs0/projects/CSC249ADSE03/yidizhao/GFFA/Oct25/beta10_M0.25_traj1/ckpoint_lat.5000 link_trace 0.13464 header    0.13464
Grid : Message : 1.634058 s : NERSC Configuration /lus/theta-fs0/projects/CSC249ADSE03/yidizhao/GFFA/Oct25/beta10_M0.25_traj1/ckpoint_lat.5000 and plaquette, link trace, and checksum agree
===================Integral_table: =========================
num_high: 200
num_low: 200
dividing_line: 0.005
0	0.1	0.2	0.3	0.4	0.5	0.6	0.7	0.8	0.9	1	1.1	1.2	1.3	1.4	1.5	1.6	1.7	1.8	1.9	2	2.1	2.2	2.3	2.4	2.5	2.6	2.7	2.8	2.9	3	3.1	3.2	3.3	3.4	3.5	3.6	3.7	3.8	3.9	4	4.1	4.2	4.3	4.4	4.5	4.6	4.7	4.8	4.9	5	5.1	5.2	5.3	5.4	5.5	5.6	5.7	5.8	5.9	6	6.1	6.2	6.3	6.4	6.5	6.6	6.7	6.8	6.9	7	7.1	7.2	7.3	7.4	7.5	7.6	7.7	7.8	7.9	8	8.1	
============================================================
Application 18810314 resources: utime ~442s, stime ~37s, Rss ~1065996, inblocks ~1036, outblocks ~0
